  ABCU.cpp
C:\Program Files\Microsoft Visual Studio\2022\Community\VC\Tools\MSVC\14.39.33519\include\utility(309,68): error C2512: 'Course::Course': no appropriate default constructor available
  (compiling source file 'ABCU.cpp')
  C:\Program Files\Microsoft Visual Studio\2022\Community\VC\Tools\MSVC\14.39.33519\include\utility(309,68):
  while trying to match the argument list '()'
  C:\Program Files\Microsoft Visual Studio\2022\Community\VC\Tools\MSVC\14.39.33519\include\utility(309,68):
  the template instantiation context (the oldest one first) is
  	C:\Users\rshat\Documents\Computer Science School\CS\07\Final Project\ABCU\ABCU.cpp(18,31):
  	see reference to class template instantiation 'std::map<std::string,Course,std::less<std::string>,std::allocator<std::pair<const std::string,Course>>>' being compiled
  	C:\Program Files\Microsoft Visual Studio\2022\Community\VC\Tools\MSVC\14.39.33519\include\map(345,18):
  	while compiling class template member function 'Course &std::map<std::string,Course,std::less<std::string>,std::allocator<std::pair<const std::string,Course>>>::operator [](const std::basic_string<char,std::char_traits<char>,std::allocator<char>> &)'
  		C:\Users\rshat\Documents\Computer Science School\CS\07\Final Project\ABCU\ABCU.cpp(39,32):
  		see the first reference to 'std::map<std::string,Course,std::less<std::string>,std::allocator<std::pair<const std::string,Course>>>::operator []' in 'loadCoursesFromFile'
  	C:\Program Files\Microsoft Visual Studio\2022\Community\VC\Tools\MSVC\14.39.33519\include\map(346,16):
  	see reference to function template instantiation 'std::pair<std::_Tree_node<std::pair<const std::string,Course>,std::_Default_allocator_traits<_Alloc>::void_pointer> *,bool> std::map<std::string,Course,std::less<std::string>,_Alloc>::_Try_emplace<const std::basic_string<char,std::char_traits<char>,std::allocator<char>>&,>(_Keyty)' being compiled
          with
          [
              _Alloc=std::allocator<std::pair<const std::string,Course>>,
              _Keyty=const std::basic_string<char,std::char_traits<char>,std::allocator<char>> &
          ]
  	C:\Program Files\Microsoft Visual Studio\2022\Community\VC\Tools\MSVC\14.39.33519\include\map(205,56):
  	see reference to function template instantiation 'std::_Tree_temp_node<std::allocator<std::_Tree_node<std::pair<const std::string,Course>,std::_Default_allocator_traits<_Alloc>::void_pointer>>>::_Tree_temp_node<const std::piecewise_construct_t&,std::tuple<const std::basic_string<char,std::char_traits<char>,std::allocator<char>> &>,std::tuple<>>(_Alnode &,std::_Tree_node<std::pair<const std::string,Course>,std::_Default_allocator_traits<_Alloc>::void_pointer> *,const std::piecewise_construct_t &,std::tuple<const std::basic_string<char,std::char_traits<char>,std::allocator<char>> &> &&,std::tuple<> &&)' being compiled
          with
          [
              _Alloc=std::allocator<std::pair<const std::string,Course>>,
              _Alnode=std::allocator<std::_Tree_node<std::pair<const std::string,Course>,std::_Default_allocator_traits<std::allocator<std::pair<const std::string,Course>>>::void_pointer>>
          ]
  	C:\Program Files\Microsoft Visual Studio\2022\Community\VC\Tools\MSVC\14.39.33519\include\xtree(806,25):
  	see reference to function template instantiation 'void std::_Default_allocator_traits<_Alloc>::construct<_Ty,const std::piecewise_construct_t&,std::tuple<const std::basic_string<char,std::char_traits<char>,std::allocator<char>> &>,std::tuple<>>(_Alloc &,_Objty *const ,const std::piecewise_construct_t &,std::tuple<const std::basic_string<char,std::char_traits<char>,std::allocator<char>> &> &&,std::tuple<> &&)' being compiled
          with
          [
              _Alloc=std::allocator<std::_Tree_node<std::pair<const std::string,Course>,std::_Default_allocator_traits<std::allocator<std::pair<const std::string,Course>>>::void_pointer>>,
              _Ty=std::pair<const std::string,Course>,
              _Objty=std::pair<const std::string,Course>
          ]
  	C:\Program Files\Microsoft Visual Studio\2022\Community\VC\Tools\MSVC\14.39.33519\include\xmemory(727,82):
  	see reference to function template instantiation 'std::pair<const std::string,Course>::pair<const std::basic_string<char,std::char_traits<char>,std::allocator<char>>&,>(std::piecewise_construct_t,std::tuple<const std::basic_string<char,std::char_traits<char>,std::allocator<char>> &>,std::tuple<>)' being compiled
  	C:\Program Files\Microsoft Visual Studio\2022\Community\VC\Tools\MSVC\14.39.33519\include\utility(313,15):
  	see reference to function template instantiation 'std::pair<const std::string,Course>::pair<std::tuple<const std::basic_string<char,std::char_traits<char>,std::allocator<char>> &>,std::tuple<>,0,>(_Tuple1 &,_Tuple2 &,std::integer_sequence<size_t,0>,std::integer_sequence<size_t>)' being compiled
          with
          [
              _Tuple1=std::tuple<const std::basic_string<char,std::char_traits<char>,std::allocator<char>> &>,
              _Tuple2=std::tuple<>
          ]
  
